<?xml version="1.0" encoding="UTF-8" ?>
<testsuite tests="5" failures="0" name="RouteCalculatorTest" time="0.018" errors="0" skipped="0">
  <properties>
[...]
</properties>
  <testcase classname="RouteCalculatorTest" name="testGetShortestRoute2" time="0.014"/>
  <testcase classname="RouteCalculatorTest" name="testGetShortestRoute3" time="0.001"/>
  <testcase classname="RouteCalculatorTest" name="testGetShortestRoute" time="0.001"/>
  <testcase classname="RouteCalculatorTest" name="testCalculateDurationReverse" time="0.001"/>
  <testcase classname="RouteCalculatorTest" name="testCalculateDurationDirect" time="0.001"/>
</testsuite>